<?xml version="1.0" encoding="UTF-8"?>
<testsuite xmlns:xsi="http://www.w3.org/2001/XMLSchema-instance" xsi:noNamespaceSchemaLocation="https://maven.apache.org/surefire/maven-surefire-plugin/xsd/surefire-test-report-3.0.xsd" version="3.0" name="com.chongstack.ddd.domain.model.GuardTest" time="0.005" tests="7" errors="0" skipped="0" failures="0">
  <properties>
[...]
</properties>
  <testcase name="notEmpty_collection_shouldThrowOnEmpty" classname="com.chongstack.ddd.domain.model.GuardTest" time="0.001"/>
  <testcase name="notNull_shouldPassOnNonNull" classname="com.chongstack.ddd.domain.model.GuardTest" time="0.001"/>
  <testcase name="notNull_shouldThrowOnNull" classname="com.chongstack.ddd.domain.model.GuardTest" time="0.0"/>
  <testcase name="isTrue_shouldThrowOnFalse" classname="com.chongstack.ddd.domain.model.GuardTest" time="0.001"/>
  <testcase name="greaterThan_shouldThrowWhenNotGreater" classname="com.chongstack.ddd.domain.model.GuardTest" time="0.0"/>
  <testcase name="notEmpty_string_shouldThrowOnBlank" classname="com.chongstack.ddd.domain.model.GuardTest" time="0.001"/>
  <testcase name="greaterThan_shouldPassWhenGreater" classname="com.chongstack.ddd.domain.model.GuardTest" time="0.0"/>
</testsuite>